<?xml version="1.0" encoding="UTF-8"?>
<testng-results ignored="0" total="3" passed="3" failed="0" skipped="0">
  <reporter-output>
    <line>
      <![CDATA[===to connect With Server===]]>
    </line>
    <line>
      <![CDATA[===to connect with database===]]>
    </line>
    <line>
      <![CDATA[===to connect with database===]]>
    </line>
    <line>
      <![CDATA[===to connect with database===]]>
    </line>
    <line>
      <![CDATA[====Launching chromebrowser====]]>
    </line>
    <line>
      <![CDATA[====Launching firefoxbrowser====]]>
    </line>
    <line>
      <![CDATA[====Launching edgebrowser====]]>
    </line>
    <line>
      <![CDATA[to close the connection with database]]>
    </line>
    <line>
      <![CDATA[to close the connection with database]]>
    </line>
    <line>
      <![CDATA[to close the connection with database]]>
    </line>
    <line>
      <![CDATA[to close the connection  with server]]>
    </line>
  </reporter-output>
  <suite started-at="2024-06-26T16:14:35Z" name="Suite" finished-at="2024-06-26T16:15:00Z" duration-ms="25300">
    <groups>
      <group name="ST">
        <method signature="ValidLoginTest.login()[pri:0, instance:TestScript.ValidLoginTest@23e84203]" name="login" class="TestScript.ValidLoginTest"/>
        <method signature="ValidLoginTest.login()[pri:0, instance:TestScript.ValidLoginTest@710636b0]" name="login" class="TestScript.ValidLoginTest"/>
        <method signature="ValidLoginTest.login()[pri:0, instance:TestScript.ValidLoginTest@43f02ef2]" name="login" class="TestScript.ValidLoginTest"/>
      </group> <!-- ST -->
    </groups>
    <test started-at="2024-06-26T16:14:35Z" name="ChromeTest" finished-at="2024-06-26T16:14:38Z" duration-ms="2624">
      <class name="TestScript.ValidLoginTest">
        <test-method is-config="true" signature="BeforeTest()[pri:0, instance:TestScript.ValidLoginTest@23e84203]" started-at="2024-06-26T16:14:35Z" name="BeforeTest" finished-at="2024-06-26T16:14:35Z" duration-ms="2" status="PASS">
          <reporter-output>
            <line>
              <![CDATA[===to connect with database===]]>
            </line>
          </reporter-output>
        </test-method> <!-- BeforeTest -->
        <test-method is-config="true" signature="setUp(java.lang.String)[pri:0, instance:TestScript.ValidLoginTest@23e84203]" started-at="2024-06-26T16:14:35Z" name="setUp" finished-at="2024-06-26T16:14:37Z" duration-ms="1673" status="PASS">
          <params>
            <param index="0">
              <value>
                <![CDATA[chrome]]>
              </value>
            </param>
          </params>
          <reporter-output>
            <line>
              <![CDATA[====Launching chromebrowser====]]>
            </line>
          </reporter-output>
        </test-method> <!-- setUp -->
        <test-method signature="login()[pri:0, instance:TestScript.ValidLoginTest@23e84203]" started-at="2024-06-26T16:14:37Z" name="login" finished-at="2024-06-26T16:14:38Z" duration-ms="786" status="PASS">
          <reporter-output>
          </reporter-output>
        </test-method> <!-- login -->
        <test-method is-config="true" signature="tearDown()[pri:0, instance:TestScript.ValidLoginTest@23e84203]" started-at="2024-06-26T16:14:38Z" name="tearDown" finished-at="2024-06-26T16:14:38Z" duration-ms="144" status="PASS">
          <reporter-output>
          </reporter-output>
        </test-method> <!-- tearDown -->
        <test-method is-config="true" signature="AfterTest()[pri:0, instance:TestScript.ValidLoginTest@23e84203]" started-at="2024-06-26T16:14:38Z" name="AfterTest" finished-at="2024-06-26T16:14:38Z" duration-ms="0" status="PASS">
          <reporter-output>
            <line>
              <![CDATA[to close the connection with database]]>
            </line>
          </reporter-output>
        </test-method> <!-- AfterTest -->
      </class> <!-- TestScript.ValidLoginTest -->
    </test> <!-- ChromeTest -->
    <test started-at="2024-06-26T16:14:35Z" name="EdgeTest" finished-at="2024-06-26T16:14:40Z" duration-ms="5021">
      <class name="TestScript.ValidLoginTest">
        <test-method is-config="true" signature="BeforeSuite()[pri:0, instance:TestScript.ValidLoginTest@43f02ef2]" started-at="2024-06-26T16:14:35Z" name="BeforeSuite" finished-at="2024-06-26T16:14:35Z" duration-ms="12" status="PASS">
          <reporter-output>
            <line>
              <![CDATA[===to connect With Server===]]>
            </line>
          </reporter-output>
        </test-method> <!-- BeforeSuite -->
        <test-method is-config="true" signature="BeforeTest()[pri:0, instance:TestScript.ValidLoginTest@43f02ef2]" started-at="2024-06-26T16:14:35Z" name="BeforeTest" finished-at="2024-06-26T16:14:35Z" duration-ms="1" status="PASS">
          <reporter-output>
            <line>
              <![CDATA[===to connect with database===]]>
            </line>
          </reporter-output>
        </test-method> <!-- BeforeTest -->
        <test-method is-config="true" signature="setUp(java.lang.String)[pri:0, instance:TestScript.ValidLoginTest@43f02ef2]" started-at="2024-06-26T16:14:35Z" name="setUp" finished-at="2024-06-26T16:14:40Z" duration-ms="4546" status="PASS">
          <params>
            <param index="0">
              <value>
                <![CDATA[edge]]>
              </value>
            </param>
          </params>
          <reporter-output>
            <line>
              <![CDATA[====Launching edgebrowser====]]>
            </line>
          </reporter-output>
        </test-method> <!-- setUp -->
        <test-method signature="login()[pri:0, instance:TestScript.ValidLoginTest@43f02ef2]" started-at="2024-06-26T16:14:40Z" name="login" finished-at="2024-06-26T16:14:40Z" duration-ms="286" status="PASS">
          <reporter-output>
          </reporter-output>
        </test-method> <!-- login -->
        <test-method is-config="true" signature="tearDown()[pri:0, instance:TestScript.ValidLoginTest@43f02ef2]" started-at="2024-06-26T16:14:40Z" name="tearDown" finished-at="2024-06-26T16:14:40Z" duration-ms="174" status="PASS">
          <reporter-output>
          </reporter-output>
        </test-method> <!-- tearDown -->
        <test-method is-config="true" signature="AfterTest()[pri:0, instance:TestScript.ValidLoginTest@43f02ef2]" started-at="2024-06-26T16:14:40Z" name="AfterTest" finished-at="2024-06-26T16:14:40Z" duration-ms="0" status="PASS">
          <reporter-output>
            <line>
              <![CDATA[to close the connection with database]]>
            </line>
          </reporter-output>
        </test-method> <!-- AfterTest -->
        <test-method is-config="true" signature="afterSuite()[pri:0, instance:TestScript.ValidLoginTest@43f02ef2]" started-at="2024-06-26T16:15:00Z" name="afterSuite" finished-at="2024-06-26T16:15:00Z" duration-ms="0" status="PASS">
          <reporter-output>
            <line>
              <![CDATA[to close the connection  with server]]>
            </line>
          </reporter-output>
        </test-method> <!-- afterSuite -->
      </class> <!-- TestScript.ValidLoginTest -->
    </test> <!-- EdgeTest -->
    <test started-at="2024-06-26T16:14:35Z" name="FirefoxTest" finished-at="2024-06-26T16:15:00Z" duration-ms="25300">
      <class name="TestScript.ValidLoginTest">
        <test-method is-config="true" signature="BeforeTest()[pri:0, instance:TestScript.ValidLoginTest@710636b0]" started-at="2024-06-26T16:14:35Z" name="BeforeTest" finished-at="2024-06-26T16:14:35Z" duration-ms="2" status="PASS">
          <reporter-output>
            <line>
              <![CDATA[===to connect with database===]]>
            </line>
          </reporter-output>
        </test-method> <!-- BeforeTest -->
        <test-method is-config="true" signature="setUp(java.lang.String)[pri:0, instance:TestScript.ValidLoginTest@710636b0]" started-at="2024-06-26T16:14:35Z" name="setUp" finished-at="2024-06-26T16:14:58Z" duration-ms="22695" status="PASS">
          <params>
            <param index="0">
              <value>
                <![CDATA[firefox]]>
              </value>
            </param>
          </params>
          <reporter-output>
            <line>
              <![CDATA[====Launching firefoxbrowser====]]>
            </line>
          </reporter-output>
        </test-method> <!-- setUp -->
        <test-method signature="login()[pri:0, instance:TestScript.ValidLoginTest@710636b0]" started-at="2024-06-26T16:14:58Z" name="login" finished-at="2024-06-26T16:14:59Z" duration-ms="1535" status="PASS">
          <reporter-output>
          </reporter-output>
        </test-method> <!-- login -->
        <test-method is-config="true" signature="tearDown()[pri:0, instance:TestScript.ValidLoginTest@710636b0]" started-at="2024-06-26T16:14:59Z" name="tearDown" finished-at="2024-06-26T16:15:00Z" duration-ms="1055" status="PASS">
          <reporter-output>
          </reporter-output>
        </test-method> <!-- tearDown -->
        <test-method is-config="true" signature="AfterTest()[pri:0, instance:TestScript.ValidLoginTest@710636b0]" started-at="2024-06-26T16:15:00Z" name="AfterTest" finished-at="2024-06-26T16:15:00Z" duration-ms="0" status="PASS">
          <reporter-output>
            <line>
              <![CDATA[to close the connection with database]]>
            </line>
          </reporter-output>
        </test-method> <!-- AfterTest -->
      </class> <!-- TestScript.ValidLoginTest -->
    </test> <!-- FirefoxTest -->
  </suite> <!-- Suite -->
</testng-results>
